Arguments: 
  C:\Program Files\nodejs\node.exe C:\Users\Leonardo W\AppData\Roaming\npm\node_modules\yarn\bin\yarn.js add react-intl

PATH: 
  C:\Users\Leonardo W\bin;C:\Program Files\Git\mingw64\bin;C:\Program Files\Git\usr\local\bin;C:\Program Files\Git\usr\bin;C:\Program Files\Git\usr\bin;C:\Program Files\Git\mingw64\bin;C:\Program Files\Git\usr\bin;C:\Users\Leonardo W\bin;C:\Program Files (x86)\Common Files\Oracle\Java\javapath;C:\Windows\system32;C:\Windows;C:\Windows\System32\Wbem;C:\Windows\System32\WindowsPowerShell\v1.0;C:\Windows\System32\OpenSSH;C:\Program Files\Git\cmd;C:\Program Files (x86)\NVIDIA Corporation\PhysX\Common;C:\Program Files\NVIDIA Corporation\NVIDIA NvDLISR;C:\Program Files\nodejs;C:\Users\Leonardo W\AppData\Local\Microsoft\WindowsApps;C:\Users\Leonardo W\AppData\Local\GitHubDesktop\bin;C:\Users\Leonardo W\AppData\Local\Programs\Microsoft VS Code\bin;C:\Users\Leonardo W\AppData\Roaming\npm;C:\Program Files\Git\usr\bin\vendor_perl;C:\Program Files\Git\usr\bin\core_perl

Yarn version: 
  1.22.19

Node version: 
  16.17.1

Platform: 
  win32 x64

Trace: 
  Error: Client network socket disconnected before secure TLS connection was established
      at connResetException (node:internal/errors:704:14)
      at TLSSocket.onConnectEnd (node:_tls_wrap:1590:19)
      at TLSSocket.emit (node:events:525:35)
      at endReadableNT (node:internal/streams/readable:1358:12)
      at processTicksAndRejections (node:internal/process/task_queues:83:21)

npm manifest: 
  No manifest

yarn manifest: 
  No manifest

Lockfile: 
  No lockfile
